<?xml version="1.0" encoding="utf-8"?><testsuites><testsuite name="pytest" errors="0" failures="0" skipped="2" tests="72" time="381.070" timestamp="2023-12-19T05:34:31.366887" hostname="fv-az659-860"><testcase classname="tests.message.test_message" name="test_change_logger_path" time="0.015" /><testcase classname="tests.message.test_message" name="test_output_log_to_stdout" time="0.001" /><testcase classname="tests.processor.test_argparse" name="test_read_config_not_exist" time="0.001" /><testcase classname="tests.processor.test_argparse" name="test_read_config_invalid_json" time="0.001" /><testcase classname="tests.processor.test_argparse" name="test_read_config_corrupted_json" time="0.001" /><testcase classname="tests.processor.test_argparse" name="test_read_config" time="0.001" /><testcase classname="tests.processor.test_argparse" name="test_write_config" time="0.001" /><testcase classname="tests.processor.test_argparse" name="test_project_parser_invalid_project_should_throw" time="0.001" /><testcase classname="tests.processor.test_argparse" name="test_project_parser_should_read_config_json" time="0.002" /><testcase classname="tests.processor.test_argparse" name="test_vcs_parser_invalid_project_should_throw" time="0.002" /><testcase classname="tests.processor.test_argparse" name="test_vcs_parser_unordered_arguments_should_be_handled[yara 1 --buggy]" time="0.001" /><testcase classname="tests.processor.test_argparse" name="test_vcs_parser_unordered_arguments_should_be_handled[yara --buggy 1]" time="0.001" /><testcase classname="tests.processor.test_argparse" name="test_vcs_parser_unordered_arguments_should_be_handled_with_target_option" time="0.001" /><testcase classname="tests.processor.test_argparse" name="test_common_project_parser_env_option" time="0.002" /><testcase classname="tests.processor.test_argparse" name="test_common_command_parser_settings_option" time="0.001" /><testcase classname="tests.processor.test_build_command" name="test_build_command_should_generate_command_based_on_options[True-True-coverage_command bear]" time="0.003" /><testcase classname="tests.processor.test_build_command" name="test_build_command_should_generate_command_based_on_options[True-False-coverage_command]" time="0.003" /><testcase classname="tests.processor.test_build_command" name="test_build_command_should_generate_command_based_on_options[False-True-bear command]" time="0.003" /><testcase classname="tests.processor.test_build_command" name="test_build_command_should_generate_command_based_on_options[False-False-command]" time="0.003" /><testcase classname="tests.processor.test_build_command" name="test_build_command_export_commands[yara]" time="53.912" /><testcase classname="tests.processor.test_build_command" name="test_build_command_export_commands[cppcheck]" time="219.335" /><testcase classname="tests.processor.test_build_command" name="test_build_command_export_commands[example]" time="12.132" /><testcase classname="tests.processor.test_build_command" name="test_build_command_rebuild_image" time="0.000"><skipped type="pytest.skip" message="Rebuild image is currently not used(deprecated.)">/home/runner/work/bugscpp/bugscpp/tests/processor/test_build_command.py:61: Rebuild image is currently not used(deprecated.)</skipped></testcase><testcase classname="tests.processor.test_case_expression" name="test_validate_case" time="0.006" /><testcase classname="tests.processor.test_case_expression" name="test_invalid_case_expression" time="0.002" /><testcase classname="tests.processor.test_case_expression" name="test_no_case_is_provided" time="0.003" /><testcase classname="tests.processor.test_case_expression" name="test_exclude_only" time="0.002" /><testcase classname="tests.processor.test_checkout" name="test_git_clone_error" time="0.009" /><testcase classname="tests.processor.test_checkout" name="test_git_worktree_error" time="0.198" /><testcase classname="tests.processor.test_checkout" name="test_git_checkout_error" time="0.207" /><testcase classname="tests.processor.test_checkout" name="test_git_submodule_init_error" time="0.748" /><testcase classname="tests.processor.test_checkout" name="test_git_apply_patch_error_patch_could_not_be_applied" time="0.242" /><testcase classname="tests.processor.test_checkout" name="test_checkout_command" time="0.001" /><testcase classname="tests.processor.test_docker" name="test_docker_image" time="0.184" /><testcase classname="tests.processor.test_docker" name="test_docker_container" time="10.597" /><testcase classname="tests.processor.test_docker" name="test_docker_mount_directory" time="21.152" /><testcase classname="tests.processor.test_help" name="test_check_help_attr" time="0.001" /><testcase classname="tests.processor.test_help" name="test_check_help_help" time="0.001" /><testcase classname="tests.processor.test_help" name="test_check_help_run" time="0.001" /><testcase classname="tests.processor.test_search" name="test_search_by_tags[tags0]" time="0.001" /><testcase classname="tests.processor.test_search" name="test_search_by_tags[tags1]" time="0.001" /><testcase classname="tests.processor.test_search" name="test_search_by_tags_should_be_empty" time="0.001" /><testcase classname="tests.processor.test_search" name="test_search_command_should_raise_no_such_tag_error" time="0.001" /><testcase classname="tests.processor.test_search" name="test_search_command_withouth_any_args" time="0.001" /><testcase classname="tests.processor.test_show" name="test_check_show_attr" time="0.000" /><testcase classname="tests.processor.test_show" name="test_check_show_help" time="0.001" /><testcase classname="tests.processor.test_show" name="test_check_show_run" time="0.001" /><testcase classname="tests.processor.test_taxonomy" name="test_metadata_variables_should_be_replaced" time="0.001" /><testcase classname="tests.processor.test_taxonomy" name="test_metadata_setting_compilation_db_tool_should_remove_cmake_export_macro" time="0.001" /><testcase classname="tests.processor.test_taxonomy" name="test_metadata_build_pre_steps_with_missing_key_should_throw[DPP_BUILD_PRE_STEPS]" time="0.001" /><testcase classname="tests.processor.test_taxonomy" name="test_metadata_build_pre_steps_with_missing_key_should_throw[DPP_BUILD_POST_STEPS]" time="0.001" /><testcase classname="tests.processor.test_taxonomy" name="test_metadata_build_steps_with_invalid_value_should_throw[DPP_BUILD_PRE_STEPS]" time="0.001" /><testcase classname="tests.processor.test_taxonomy" name="test_metadata_build_steps_with_invalid_value_should_throw[DPP_BUILD_POST_STEPS]" time="0.001" /><testcase classname="tests.processor.test_taxonomy" name="test_metadata_docker_build_steps_should_be_inserted[docker]" time="0.001" /><testcase classname="tests.processor.test_taxonomy" name="test_metadata_docker_build_steps_should_be_inserted[script]" time="0.001" /><testcase classname="tests.processor.test_taxonomy" name="test_extra_tests" time="0.001" /><testcase classname="tests.processor.test_test" name="test_script_command" time="0.001" /><testcase classname="tests.processor.test_test" name="test_setup_script_command" time="0.000" /><testcase classname="tests.processor.test_test" name="test_coverage_script_command" time="0.000" /><testcase classname="tests.processor.test_test" name="test_tear_down_script_command" time="0.000" /><testcase classname="tests.processor.test_test" name="test_gcov_script_command" time="0.000" /><testcase classname="tests.processor.test_test" name="test_run_gcovr_script_command" time="0.000" /><testcase classname="tests.processor.test_test" name="test_create_script_gernerator_command" time="0.001" /><testcase classname="tests.processor.test_test" name="test_help_command" time="0.001" /><testcase classname="tests.processor.test_test_command_callback" name="test_check_result" time="0.003" /><testcase classname="tests.processor.test_test_command_callback" name="test_check_coverage" time="0.000"><skipped type="pytest.skip" message="Temporarily disabled. Should be ran on Docker.">/home/runner/work/bugscpp/bugscpp/tests/processor/test_test_command_callback.py:192: Temporarily disabled. Should be ran on Docker.</skipped></testcase><testcase classname="tests.processor.test_test_command_callback" name="test_run_command" time="25.888" /><testcase classname="tests.processor.test_test_command_callback" name="test_run_command_as_script" time="21.499" /><testcase classname="tests.processor.test_test_command_callback" name="test_additional_gcov_options" time="0.006" /><testcase classname="tests.processor.test_vcs" name="test_checkout_fixed" time="12.651" /><testcase classname="tests.processor.test_vcs" name="test_checkout_buggy" time="2.033" /><testcase classname="tests.script.test_readme_generator" name="test_readme_generator" time="0.004" /></testsuite></testsuites>